{"C:\\Users\\Student\\fluent-ai\\packages\\analysis-engine\\src\\eyeContactTracker.ts": {"path":"C:\\Users\\Student\\fluent-ai\\packages\\analysis-engine\\src\\eyeContactTracker.ts","statementMap":{"0":{"start":{"line":1,"column":0},"end":{"line":1,"column":74}},"1":{"start":{"line":10,"column":10},"end":{"line":10,"column":51}},"2":{"start":{"line":11,"column":10},"end":{"line":11,"column":34}},"3":{"start":{"line":14,"column":19},"end":{"line":15,"column":null}},"4":{"start":{"line":17,"column":4},"end":{"line":24,"column":7}},"5":{"start":{"line":28,"column":4},"end":{"line":28,"column":79}},"6":{"start":{"line":28,"column":26},"end":{"line":28,"column":79}},"7":{"start":{"line":29,"column":19},"end":{"line":29,"column":67}},"8":{"start":{"line":30,"column":4},"end":{"line":32,"column":5}},"9":{"start":{"line":31,"column":6},"end":{"line":31,"column":91}},"10":{"start":{"line":33,"column":15},"end":{"line":33,"column":60}},"11":{"start":{"line":34,"column":16},"end":{"line":34,"column":83}},"12":{"start":{"line":34,"column":34},"end":{"line":34,"column":83}},"13":{"start":{"line":34,"column":47},"end":{"line":34,"column":70}},"14":{"start":{"line":35,"column":22},"end":{"line":36,"column":73}},"15":{"start":{"line":37,"column":22},"end":{"line":37,"column":56}},"16":{"start":{"line":38,"column":20},"end":{"line":38,"column":34}},"17":{"start":{"line":39,"column":4},"end":{"line":39,"column":31}},"18":{"start":{"line":40,"column":4},"end":{"line":40,"column":56}},"19":{"start":{"line":40,"column":35},"end":{"line":40,"column":56}},"20":{"start":{"line":41,"column":4},"end":{"line":41,"column":88}},"21":{"start":{"line":45,"column":4},"end":{"line":45,"column":39}},"22":{"start":{"line":45,"column":30},"end":{"line":45,"column":39}},"23":{"start":{"line":46,"column":4},"end":{"line":46,"column":77}},"24":{"start":{"line":49,"column":12},"end":{"line":49,"column":30}},"25":{"start":{"line":9,"column":0},"end":{"line":9,"column":13}}},"fnMap":{"0":{"name":"(anonymous_0)","decl":{"start":{"line":9,"column":0},"end":{"line":9,"column":13}},"loc":{"start":{"line":9,"column":0},"end":{"line":50,"column":1}}},"1":{"name":"(anonymous_1)","decl":{"start":{"line":13,"column":2},"end":{"line":13,"column":7}},"loc":{"start":{"line":13,"column":12},"end":{"line":25,"column":3}}},"2":{"name":"(anonymous_2)","decl":{"start":{"line":27,"column":2},"end":{"line":27,"column":9}},"loc":{"start":{"line":27,"column":52},"end":{"line":42,"column":3}}},"3":{"name":"(anonymous_3)","decl":{"start":{"line":34,"column":16},"end":{"line":34,"column":17}},"loc":{"start":{"line":34,"column":34},"end":{"line":34,"column":83}}},"4":{"name":"(anonymous_4)","decl":{"start":{"line":34,"column":42},"end":{"line":34,"column":43}},"loc":{"start":{"line":34,"column":47},"end":{"line":34,"column":70}}},"5":{"name":"(anonymous_5)","decl":{"start":{"line":44,"column":10},"end":{"line":44,"column":17}},"loc":{"start":{"line":44,"column":17},"end":{"line":47,"column":3}}},"6":{"name":"(anonymous_6)","decl":{"start":{"line":49,"column":2},"end":{"line":49,"column":7}},"loc":{"start":{"line":49,"column":7},"end":{"line":49,"column":32}}}},"branchMap":{"0":{"loc":{"start":{"line":28,"column":4},"end":{"line":28,"column":79}},"type":"if","locations":[{"start":{"line":28,"column":4},"end":{"line":28,"column":79}},{"start":{},"end":{}}]},"1":{"loc":{"start":{"line":30,"column":4},"end":{"line":32,"column":5}},"type":"if","locations":[{"start":{"line":30,"column":4},"end":{"line":32,"column":5}},{"start":{},"end":{}}]},"2":{"loc":{"start":{"line":33,"column":15},"end":{"line":33,"column":60}},"type":"binary-expr","locations":[{"start":{"line":33,"column":15},"end":{"line":33,"column":54}},{"start":{"line":33,"column":58},"end":{"line":33,"column":60}}]},"3":{"loc":{"start":{"line":34,"column":34},"end":{"line":34,"column":83}},"type":"binary-expr","locations":[{"start":{"line":34,"column":34},"end":{"line":34,"column":78}},{"start":{"line":34,"column":82},"end":{"line":34,"column":83}}]},"4":{"loc":{"start":{"line":40,"column":4},"end":{"line":40,"column":56}},"type":"if","locations":[{"start":{"line":40,"column":4},"end":{"line":40,"column":56}},{"start":{},"end":{}}]},"5":{"loc":{"start":{"line":45,"column":4},"end":{"line":45,"column":39}},"type":"if","locations":[{"start":{"line":45,"column":4},"end":{"line":45,"column":39}},{"start":{},"end":{}}]}},"s":{"0":1,"1":4,"2":4,"3":0,"4":0,"5":0,"6":0,"7":0,"8":0,"9":0,"10":0,"11":0,"12":0,"13":0,"14":0,"15":0,"16":0,"17":0,"18":0,"19":0,"20":0,"21":4,"22":2,"23":2,"24":1,"25":1},"f":{"0":4,"1":0,"2":0,"3":0,"4":0,"5":4,"6":1},"b":{"0":[0,0],"1":[0,0],"2":[0,0],"3":[0,0],"4":[0,0],"5":[2,2]}}
,"C:\\Users\\Student\\fluent-ai\\packages\\analysis-engine\\src\\poseAnalyzer.ts": {"path":"C:\\Users\\Student\\fluent-ai\\packages\\analysis-engine\\src\\poseAnalyzer.ts","statementMap":{"0":{"start":{"line":1,"column":0},"end":{"line":1,"column":74}},"1":{"start":{"line":12,"column":10},"end":{"line":12,"column":51}},"2":{"start":{"line":15,"column":19},"end":{"line":16,"column":null}},"3":{"start":{"line":18,"column":4},"end":{"line":25,"column":7}},"4":{"start":{"line":29,"column":4},"end":{"line":29,"column":74}},"5":{"start":{"line":29,"column":26},"end":{"line":29,"column":74}},"6":{"start":{"line":30,"column":19},"end":{"line":30,"column":74}},"7":{"start":{"line":31,"column":4},"end":{"line":33,"column":5}},"8":{"start":{"line":32,"column":6},"end":{"line":32,"column":107}},"9":{"start":{"line":34,"column":15},"end":{"line":34,"column":34}},"10":{"start":{"line":35,"column":35},"end":{"line":35,"column":74}},"11":{"start":{"line":37,"column":28},"end":{"line":37,"column":75}},"12":{"start":{"line":38,"column":25},"end":{"line":38,"column":42}},"13":{"start":{"line":39,"column":21},"end":{"line":39,"column":77}},"14":{"start":{"line":40,"column":27},"end":{"line":40,"column":94}},"15":{"start":{"line":41,"column":20},"end":{"line":41,"column":69}},"16":{"start":{"line":43,"column":31},"end":{"line":43,"column":33}},"17":{"start":{"line":44,"column":4},"end":{"line":44,"column":92}},"18":{"start":{"line":44,"column":30},"end":{"line":44,"column":92}},"19":{"start":{"line":45,"column":4},"end":{"line":45,"column":75}},"20":{"start":{"line":45,"column":23},"end":{"line":45,"column":75}},"21":{"start":{"line":46,"column":4},"end":{"line":46,"column":90}},"22":{"start":{"line":46,"column":29},"end":{"line":46,"column":90}},"23":{"start":{"line":47,"column":4},"end":{"line":47,"column":66}},"24":{"start":{"line":47,"column":22},"end":{"line":47,"column":66}},"25":{"start":{"line":48,"column":4},"end":{"line":48,"column":76}},"26":{"start":{"line":11,"column":0},"end":{"line":11,"column":13}}},"fnMap":{"0":{"name":"(anonymous_0)","decl":{"start":{"line":11,"column":0},"end":{"line":11,"column":13}},"loc":{"start":{"line":11,"column":0},"end":{"line":50,"column":1}}},"1":{"name":"(anonymous_1)","decl":{"start":{"line":14,"column":2},"end":{"line":14,"column":7}},"loc":{"start":{"line":14,"column":12},"end":{"line":26,"column":3}}},"2":{"name":"(anonymous_2)","decl":{"start":{"line":28,"column":2},"end":{"line":28,"column":9}},"loc":{"start":{"line":28,"column":59},"end":{"line":49,"column":3}}}},"branchMap":{"0":{"loc":{"start":{"line":29,"column":4},"end":{"line":29,"column":74}},"type":"if","locations":[{"start":{"line":29,"column":4},"end":{"line":29,"column":74}},{"start":{},"end":{}}]},"1":{"loc":{"start":{"line":31,"column":4},"end":{"line":33,"column":5}},"type":"if","locations":[{"start":{"line":31,"column":4},"end":{"line":33,"column":5}},{"start":{},"end":{}}]},"2":{"loc":{"start":{"line":44,"column":4},"end":{"line":44,"column":92}},"type":"if","locations":[{"start":{"line":44,"column":4},"end":{"line":44,"column":92}},{"start":{},"end":{}}]},"3":{"loc":{"start":{"line":45,"column":4},"end":{"line":45,"column":75}},"type":"if","locations":[{"start":{"line":45,"column":4},"end":{"line":45,"column":75}},{"start":{},"end":{}}]},"4":{"loc":{"start":{"line":46,"column":4},"end":{"line":46,"column":90}},"type":"if","locations":[{"start":{"line":46,"column":4},"end":{"line":46,"column":90}},{"start":{},"end":{}}]},"5":{"loc":{"start":{"line":47,"column":4},"end":{"line":47,"column":66}},"type":"if","locations":[{"start":{"line":47,"column":4},"end":{"line":47,"column":66}},{"start":{},"end":{}}]}},"s":{"0":1,"1":1,"2":1,"3":1,"4":1,"5":0,"6":1,"7":1,"8":1,"9":0,"10":0,"11":0,"12":0,"13":0,"14":0,"15":0,"16":0,"17":0,"18":0,"19":0,"20":0,"21":0,"22":0,"23":0,"24":0,"25":0,"26":1},"f":{"0":1,"1":1,"2":1},"b":{"0":[0,1],"1":[1,0],"2":[0,0],"3":[0,0],"4":[0,0],"5":[0,0]}}
}
